<?xml version="1.0" encoding="UTF-8"?>
<testsuite xmlns:xsi="http://www.w3.org/2001/XMLSchema-instance" xsi:noNamespaceSchemaLocation="https://maven.apache.org/surefire/maven-surefire-plugin/xsd/surefire-test-report.xsd" name="cn.com.codingce.MyTest" time="0.147" tests="1" errors="1" skipped="0" failures="0">
  <properties>
[...]
</properties>
  <testcase name="mytest" classname="cn.com.codingce.MyTest" time="0.016">
    <error type="java.lang.NullPointerException">java.lang.NullPointerException
	at cn.com.codingce.MyTest.mytest(MyTest.java:17)
</error>
  </testcase>
</testsuite>